Analysis & Synthesis report for lab6
Wed Oct 07 04:36:23 2020
Quartus Prime Version 18.1.0 Build 625 09/12/2018 SJ Lite Edition


---------------------
; Table of Contents ;
---------------------
  1. Legal Notice
  2. Analysis & Synthesis Summary
  3. Analysis & Synthesis Settings
  4. Parallel Compilation
  5. Analysis & Synthesis Source Files Read
  6. Analysis & Synthesis Resource Usage Summary
  7. Analysis & Synthesis Resource Utilization by Entity
  8. Analysis & Synthesis RAM Summary
  9. Analysis & Synthesis IP Cores Summary
 10. State Machine - |slc3_sramtop|Instantiateram:instaRam|state
 11. State Machine - |slc3_sramtop|slc3:slc|ISDU:state_controller|State
 12. Registers Removed During Synthesis
 13. Removed Registers Triggering Further Register Optimizations
 14. General Register Statistics
 15. Multiplexer Restructuring Statistics (Restructuring Performed)
 16. Source assignments for ram:ram0|altsyncram:altsyncram_component|altsyncram_hag1:auto_generated
 17. Parameter Settings for User Entity Instance: ram:ram0|altsyncram:altsyncram_component
 18. altsyncram Parameter Settings by Entity Instance
 19. Port Connectivity Checks: "Instantiateram:instaRam"
 20. Port Connectivity Checks: "slc3:slc|datapath:d0|BEN:_BEN"
 21. Port Connectivity Checks: "slc3:slc|datapath:d0"
 22. Port Connectivity Checks: "slc3:slc"
 23. Post-Synthesis Netlist Statistics for Top Partition
 24. Elapsed Time Per Partition
 25. Analysis & Synthesis Messages
 26. Analysis & Synthesis Suppressed Messages



----------------
; Legal Notice ;
----------------
Copyright (C) 2018  Intel Corporation. All rights reserved.
Your use of Intel Corporation's design tools, logic functions 
and other software and tools, and its AMPP partner logic 
functions, and any output files from any of the foregoing 
(including device programming or simulation files), and any 
associated documentation or information are expressly subject 
to the terms and conditions of the Intel Program License 
Subscription Agreement, the Intel Quartus Prime License Agreement,
the Intel FPGA IP License Agreement, or other applicable license
agreement, including, without limitation, that your use is for
the sole purpose of programming logic devices manufactured by
Intel and sold by Intel or its authorized distributors.  Please
refer to the applicable agreement for further details.



+----------------------------------------------------------------------------------+
; Analysis & Synthesis Summary                                                     ;
+------------------------------------+---------------------------------------------+
; Analysis & Synthesis Status        ; Successful - Wed Oct 07 04:36:23 2020       ;
; Quartus Prime Version              ; 18.1.0 Build 625 09/12/2018 SJ Lite Edition ;
; Revision Name                      ; lab6                                        ;
; Top-level Entity Name              ; slc3_sramtop                                ;
; Family                             ; MAX 10                                      ;
; Total logic elements               ; 519                                         ;
;     Total combinational functions  ; 517                                         ;
;     Dedicated logic registers      ; 103                                         ;
; Total registers                    ; 103                                         ;
; Total pins                         ; 51                                          ;
; Total virtual pins                 ; 0                                           ;
; Total memory bits                  ; 16,384                                      ;
; Embedded Multiplier 9-bit elements ; 0                                           ;
; Total PLLs                         ; 0                                           ;
; UFM blocks                         ; 0                                           ;
; ADC blocks                         ; 0                                           ;
+------------------------------------+---------------------------------------------+


+------------------------------------------------------------------------------------------------------------+
; Analysis & Synthesis Settings                                                                              ;
+------------------------------------------------------------------+--------------------+--------------------+
; Option                                                           ; Setting            ; Default Value      ;
+------------------------------------------------------------------+--------------------+--------------------+
; Device                                                           ; 10M50DAF484C7G     ;                    ;
; Top-level entity name                                            ; slc3_sramtop       ; lab6               ;
; Family name                                                      ; MAX 10             ; Cyclone V          ;
; Use smart compilation                                            ; Off                ; Off                ;
; Enable parallel Assembler and Timing Analyzer during compilation ; On                 ; On                 ;
; Enable compact report table                                      ; Off                ; Off                ;
; Restructure Multiplexers                                         ; Auto               ; Auto               ;
; Create Debugging Nodes for IP Cores                              ; Off                ; Off                ;
; Preserve fewer node names                                        ; On                 ; On                 ;
; Intel FPGA IP Evaluation Mode                                    ; Enable             ; Enable             ;
; Verilog Version                                                  ; Verilog_2001       ; Verilog_2001       ;
; VHDL Version                                                     ; VHDL_1993          ; VHDL_1993          ;
; State Machine Processing                                         ; Auto               ; Auto               ;
; Safe State Machine                                               ; Off                ; Off                ;
; Extract Verilog State Machines                                   ; On                 ; On                 ;
; Extract VHDL State Machines                                      ; On                 ; On                 ;
; Ignore Verilog initial constructs                                ; Off                ; Off                ;
; Iteration limit for constant Verilog loops                       ; 5000               ; 5000               ;
; Iteration limit for non-constant Verilog loops                   ; 250                ; 250                ;
; Add Pass-Through Logic to Inferred RAMs                          ; On                 ; On                 ;
; Infer RAMs from Raw Logic                                        ; On                 ; On                 ;
; Parallel Synthesis                                               ; On                 ; On                 ;
; DSP Block Balancing                                              ; Auto               ; Auto               ;
; NOT Gate Push-Back                                               ; On                 ; On                 ;
; Power-Up Don't Care                                              ; On                 ; On                 ;
; Remove Redundant Logic Cells                                     ; Off                ; Off                ;
; Remove Duplicate Registers                                       ; On                 ; On                 ;
; Ignore CARRY Buffers                                             ; Off                ; Off                ;
; Ignore CASCADE Buffers                                           ; Off                ; Off                ;
; Ignore GLOBAL Buffers                                            ; Off                ; Off                ;
; Ignore ROW GLOBAL Buffers                                        ; Off                ; Off                ;
; Ignore LCELL Buffers                                             ; Off                ; Off                ;
; Ignore SOFT Buffers                                              ; On                 ; On                 ;
; Limit AHDL Integers to 32 Bits                                   ; Off                ; Off                ;
; Optimization Technique                                           ; Balanced           ; Balanced           ;
; Carry Chain Length                                               ; 70                 ; 70                 ;
; Auto Carry Chains                                                ; On                 ; On                 ;
; Auto Open-Drain Pins                                             ; On                 ; On                 ;
; Perform WYSIWYG Primitive Resynthesis                            ; Off                ; Off                ;
; Auto ROM Replacement                                             ; On                 ; On                 ;
; Auto RAM Replacement                                             ; On                 ; On                 ;
; Auto DSP Block Replacement                                       ; On                 ; On                 ;
; Auto Shift Register Replacement                                  ; Auto               ; Auto               ;
; Allow Shift Register Merging across Hierarchies                  ; Auto               ; Auto               ;
; Auto Clock Enable Replacement                                    ; On                 ; On                 ;
; Strict RAM Replacement                                           ; Off                ; Off                ;
; Allow Synchronous Control Signals                                ; On                 ; On                 ;
; Force Use of Synchronous Clear Signals                           ; Off                ; Off                ;
; Auto RAM Block Balancing                                         ; On                 ; On                 ;
; Auto RAM to Logic Cell Conversion                                ; Off                ; Off                ;
; Auto Resource Sharing                                            ; Off                ; Off                ;
; Allow Any RAM Size For Recognition                               ; Off                ; Off                ;
; Allow Any ROM Size For Recognition                               ; Off                ; Off                ;
; Allow Any Shift Register Size For Recognition                    ; Off                ; Off                ;
; Use LogicLock Constraints during Resource Balancing              ; On                 ; On                 ;
; Ignore translate_off and synthesis_off directives                ; Off                ; Off                ;
; Timing-Driven Synthesis                                          ; On                 ; On                 ;
; Report Parameter Settings                                        ; On                 ; On                 ;
; Report Source Assignments                                        ; On                 ; On                 ;
; Report Connectivity Checks                                       ; On                 ; On                 ;
; Ignore Maximum Fan-Out Assignments                               ; Off                ; Off                ;
; Synchronization Register Chain Length                            ; 2                  ; 2                  ;
; Power Optimization During Synthesis                              ; Normal compilation ; Normal compilation ;
; HDL message level                                                ; Level2             ; Level2             ;
; Suppress Register Optimization Related Messages                  ; Off                ; Off                ;
; Number of Removed Registers Reported in Synthesis Report         ; 5000               ; 5000               ;
; Number of Swept Nodes Reported in Synthesis Report               ; 5000               ; 5000               ;
; Number of Inverted Registers Reported in Synthesis Report        ; 100                ; 100                ;
; Clock MUX Protection                                             ; On                 ; On                 ;
; Auto Gated Clock Conversion                                      ; Off                ; Off                ;
; Block Design Naming                                              ; Auto               ; Auto               ;
; SDC constraint protection                                        ; Off                ; Off                ;
; Synthesis Effort                                                 ; Auto               ; Auto               ;
; Shift Register Replacement - Allow Asynchronous Clear Signal     ; On                 ; On                 ;
; Pre-Mapping Resynthesis Optimization                             ; Off                ; Off                ;
; Analysis & Synthesis Message Level                               ; Medium             ; Medium             ;
; Disable Register Merging Across Hierarchies                      ; Auto               ; Auto               ;
; Resource Aware Inference For Block RAM                           ; On                 ; On                 ;
+------------------------------------------------------------------+--------------------+--------------------+


+------------------------------------------+
; Parallel Compilation                     ;
+----------------------------+-------------+
; Processors                 ; Number      ;
+----------------------------+-------------+
; Number detected on machine ; 16          ;
; Maximum allowed            ; 16          ;
;                            ;             ;
; Average used               ; 1.00        ;
; Maximum used               ; 16          ;
;                            ;             ;
; Usage by Processor         ; % Time Used ;
;     Processor 1            ; 100.0%      ;
;     Processors 2-16        ;   0.0%      ;
+----------------------------+-------------+


+----------------------------------------------------------------------------------------------------------------------------------------------------------------------------+
; Analysis & Synthesis Source Files Read                                                                                                                                     ;
+----------------------------------+-----------------+------------------------------+------------------------------------------------------------------------------+---------+
; File Name with User-Entered Path ; Used in Netlist ; File Type                    ; File Name with Absolute Path                                                 ; Library ;
+----------------------------------+-----------------+------------------------------+------------------------------------------------------------------------------+---------+
; synchronizers.sv                 ; yes             ; User SystemVerilog HDL File  ; C:/Users/cozyn/Desktop/lab6/lab6/synchronizers.sv                            ;         ;
; slc3_sramtop.sv                  ; yes             ; User SystemVerilog HDL File  ; C:/Users/cozyn/Desktop/lab6/lab6/slc3_sramtop.sv                             ;         ;
; SLC3_2.sv                        ; yes             ; User SystemVerilog HDL File  ; C:/Users/cozyn/Desktop/lab6/lab6/SLC3_2.sv                                   ;         ;
; slc3.sv                          ; yes             ; User SystemVerilog HDL File  ; C:/Users/cozyn/Desktop/lab6/lab6/slc3.sv                                     ;         ;
; set_CC.sv                        ; yes             ; User SystemVerilog HDL File  ; C:/Users/cozyn/Desktop/lab6/lab6/set_CC.sv                                   ;         ;
; register.sv                      ; yes             ; User SystemVerilog HDL File  ; C:/Users/cozyn/Desktop/lab6/lab6/register.sv                                 ;         ;
; PC.sv                            ; yes             ; User SystemVerilog HDL File  ; C:/Users/cozyn/Desktop/lab6/lab6/PC.sv                                       ;         ;
; MUXs.sv                          ; yes             ; User SystemVerilog HDL File  ; C:/Users/cozyn/Desktop/lab6/lab6/MUXs.sv                                     ;         ;
; Mem2IO.sv                        ; yes             ; User SystemVerilog HDL File  ; C:/Users/cozyn/Desktop/lab6/lab6/Mem2IO.sv                                   ;         ;
; MDR.sv                           ; yes             ; User SystemVerilog HDL File  ; C:/Users/cozyn/Desktop/lab6/lab6/MDR.sv                                      ;         ;
; MAR.sv                           ; yes             ; User SystemVerilog HDL File  ; C:/Users/cozyn/Desktop/lab6/lab6/MAR.sv                                      ;         ;
; ISDU.sv                          ; yes             ; User SystemVerilog HDL File  ; C:/Users/cozyn/Desktop/lab6/lab6/ISDU.sv                                     ;         ;
; IR.sv                            ; yes             ; User SystemVerilog HDL File  ; C:/Users/cozyn/Desktop/lab6/lab6/IR.sv                                       ;         ;
; Instantiateram.sv                ; yes             ; User SystemVerilog HDL File  ; C:/Users/cozyn/Desktop/lab6/lab6/Instantiateram.sv                           ;         ;
; HexDriver.sv                     ; yes             ; User SystemVerilog HDL File  ; C:/Users/cozyn/Desktop/lab6/lab6/HexDriver.sv                                ;         ;
; datapath.sv                      ; yes             ; User SystemVerilog HDL File  ; C:/Users/cozyn/Desktop/lab6/lab6/datapath.sv                                 ;         ;
; bus_MUXs.sv                      ; yes             ; User SystemVerilog HDL File  ; C:/Users/cozyn/Desktop/lab6/lab6/bus_MUXs.sv                                 ;         ;
; BEN.sv                           ; yes             ; User SystemVerilog HDL File  ; C:/Users/cozyn/Desktop/lab6/lab6/BEN.sv                                      ;         ;
; ALU.sv                           ; yes             ; User SystemVerilog HDL File  ; C:/Users/cozyn/Desktop/lab6/lab6/ALU.sv                                      ;         ;
; ram.v                            ; yes             ; User Wizard-Generated File   ; C:/Users/cozyn/Desktop/lab6/lab6/ram.v                                       ;         ;
; altsyncram.tdf                   ; yes             ; Megafunction                 ; c:/intelfpga_lite/18.1/quartus/libraries/megafunctions/altsyncram.tdf        ;         ;
; stratix_ram_block.inc            ; yes             ; Megafunction                 ; c:/intelfpga_lite/18.1/quartus/libraries/megafunctions/stratix_ram_block.inc ;         ;
; lpm_mux.inc                      ; yes             ; Megafunction                 ; c:/intelfpga_lite/18.1/quartus/libraries/megafunctions/lpm_mux.inc           ;         ;
; lpm_decode.inc                   ; yes             ; Megafunction                 ; c:/intelfpga_lite/18.1/quartus/libraries/megafunctions/lpm_decode.inc        ;         ;
; aglobal181.inc                   ; yes             ; Megafunction                 ; c:/intelfpga_lite/18.1/quartus/libraries/megafunctions/aglobal181.inc        ;         ;
; a_rdenreg.inc                    ; yes             ; Megafunction                 ; c:/intelfpga_lite/18.1/quartus/libraries/megafunctions/a_rdenreg.inc         ;         ;
; altrom.inc                       ; yes             ; Megafunction                 ; c:/intelfpga_lite/18.1/quartus/libraries/megafunctions/altrom.inc            ;         ;
; altram.inc                       ; yes             ; Megafunction                 ; c:/intelfpga_lite/18.1/quartus/libraries/megafunctions/altram.inc            ;         ;
; altdpram.inc                     ; yes             ; Megafunction                 ; c:/intelfpga_lite/18.1/quartus/libraries/megafunctions/altdpram.inc          ;         ;
; db/altsyncram_hag1.tdf           ; yes             ; Auto-Generated Megafunction  ; C:/Users/cozyn/Desktop/lab6/lab6/db/altsyncram_hag1.tdf                      ;         ;
+----------------------------------+-----------------+------------------------------+------------------------------------------------------------------------------+---------+


+---------------------------------------------------------+
; Analysis & Synthesis Resource Usage Summary             ;
+---------------------------------------------+-----------+
; Resource                                    ; Usage     ;
+---------------------------------------------+-----------+
; Estimated Total logic elements              ; 519       ;
;                                             ;           ;
; Total combinational functions               ; 517       ;
; Logic element usage by number of LUT inputs ;           ;
;     -- 4 input functions                    ; 382       ;
;     -- 3 input functions                    ; 96        ;
;     -- <=2 input functions                  ; 39        ;
;                                             ;           ;
; Logic elements by mode                      ;           ;
;     -- normal mode                          ; 488       ;
;     -- arithmetic mode                      ; 29        ;
;                                             ;           ;
; Total registers                             ; 103       ;
;     -- Dedicated logic registers            ; 103       ;
;     -- I/O registers                        ; 0         ;
;                                             ;           ;
; I/O pins                                    ; 51        ;
; Total memory bits                           ; 16384     ;
;                                             ;           ;
; Embedded Multiplier 9-bit elements          ; 0         ;
;                                             ;           ;
; Maximum fan-out node                        ; Clk~input ;
; Maximum fan-out                             ; 119       ;
; Total fan-out                               ; 2515      ;
; Average fan-out                             ; 3.41      ;
+---------------------------------------------+-----------+


+-------------------------------------------------------------------------------------------------------------------------------------------------------------------------------------------------------------------------------------------------------------------------------------------------------------------------+
; Analysis & Synthesis Resource Utilization by Entity                                                                                                                                                                                                                                                                     ;
+-------------------------------------------+---------------------+---------------------------+-------------+------------+--------------+---------+-----------+------+--------------+------------+---------------------------------------------------------------------------------------+-----------------+--------------+
; Compilation Hierarchy Node                ; Combinational ALUTs ; Dedicated Logic Registers ; Memory Bits ; UFM Blocks ; DSP Elements ; DSP 9x9 ; DSP 18x18 ; Pins ; Virtual Pins ; ADC blocks ; Full Hierarchy Name                                                                   ; Entity Name     ; Library Name ;
+-------------------------------------------+---------------------+---------------------------+-------------+------------+--------------+---------+-----------+------+--------------+------------+---------------------------------------------------------------------------------------+-----------------+--------------+
; |slc3_sramtop                             ; 517 (59)            ; 103 (0)                   ; 16384       ; 0          ; 0            ; 0       ; 0         ; 51   ; 0            ; 0          ; |slc3_sramtop                                                                         ; slc3_sramtop    ; work         ;
;    |Instantiateram:instaRam|              ; 270 (270)           ; 17 (17)                   ; 0           ; 0          ; 0            ; 0       ; 0         ; 0    ; 0            ; 0          ; |slc3_sramtop|Instantiateram:instaRam                                                 ; Instantiateram  ; work         ;
;    |ram:ram0|                             ; 0 (0)               ; 0 (0)                     ; 16384       ; 0          ; 0            ; 0       ; 0         ; 0    ; 0            ; 0          ; |slc3_sramtop|ram:ram0                                                                ; ram             ; work         ;
;       |altsyncram:altsyncram_component|   ; 0 (0)               ; 0 (0)                     ; 16384       ; 0          ; 0            ; 0       ; 0         ; 0    ; 0            ; 0          ; |slc3_sramtop|ram:ram0|altsyncram:altsyncram_component                                ; altsyncram      ; work         ;
;          |altsyncram_hag1:auto_generated| ; 0 (0)               ; 0 (0)                     ; 16384       ; 0          ; 0            ; 0       ; 0         ; 0    ; 0            ; 0          ; |slc3_sramtop|ram:ram0|altsyncram:altsyncram_component|altsyncram_hag1:auto_generated ; altsyncram_hag1 ; work         ;
;    |slc3:slc|                             ; 188 (10)            ; 84 (0)                    ; 0           ; 0          ; 0            ; 0       ; 0         ; 0    ; 0            ; 0          ; |slc3_sramtop|slc3:slc                                                                ; slc3            ; work         ;
;       |ISDU:state_controller|             ; 38 (38)             ; 21 (21)                   ; 0           ; 0          ; 0            ; 0       ; 0         ; 0    ; 0            ; 0          ; |slc3_sramtop|slc3:slc|ISDU:state_controller                                          ; ISDU            ; work         ;
;       |Mem2IO:memory_subsystem|           ; 5 (5)               ; 0 (0)                     ; 0           ; 0          ; 0            ; 0       ; 0         ; 0    ; 0            ; 0          ; |slc3_sramtop|slc3:slc|Mem2IO:memory_subsystem                                        ; Mem2IO          ; work         ;
;       |datapath:d0|                       ; 135 (0)             ; 63 (0)                    ; 0           ; 0          ; 0            ; 0       ; 0         ; 0    ; 0            ; 0          ; |slc3_sramtop|slc3:slc|datapath:d0                                                    ; datapath        ; work         ;
;          |IR:ir|                          ; 0 (0)               ; 15 (15)                   ; 0           ; 0          ; 0            ; 0       ; 0         ; 0    ; 0            ; 0          ; |slc3_sramtop|slc3:slc|datapath:d0|IR:ir                                              ; IR              ; work         ;
;          |MAR:mar|                        ; 17 (17)             ; 16 (16)                   ; 0           ; 0          ; 0            ; 0       ; 0         ; 0    ; 0            ; 0          ; |slc3_sramtop|slc3:slc|datapath:d0|MAR:mar                                            ; MAR             ; work         ;
;          |MDR:mdr|                        ; 16 (16)             ; 16 (16)                   ; 0           ; 0          ; 0            ; 0       ; 0         ; 0    ; 0            ; 0          ; |slc3_sramtop|slc3:slc|datapath:d0|MDR:mdr                                            ; MDR             ; work         ;
;          |PC:pc|                          ; 58 (58)             ; 16 (16)                   ; 0           ; 0          ; 0            ; 0       ; 0         ; 0    ; 0            ; 0          ; |slc3_sramtop|slc3:slc|datapath:d0|PC:pc                                              ; PC              ; work         ;
;          |bus_MUXs:bmux|                  ; 44 (44)             ; 0 (0)                     ; 0           ; 0          ; 0            ; 0       ; 0         ; 0    ; 0            ; 0          ; |slc3_sramtop|slc3:slc|datapath:d0|bus_MUXs:bmux                                      ; bus_MUXs        ; work         ;
;    |sync:button_sync[0]|                  ; 0 (0)               ; 1 (1)                     ; 0           ; 0          ; 0            ; 0       ; 0         ; 0    ; 0            ; 0          ; |slc3_sramtop|sync:button_sync[0]                                                     ; sync            ; work         ;
;    |sync:button_sync[1]|                  ; 0 (0)               ; 1 (1)                     ; 0           ; 0          ; 0            ; 0       ; 0         ; 0    ; 0            ; 0          ; |slc3_sramtop|sync:button_sync[1]                                                     ; sync            ; work         ;
+-------------------------------------------+---------------------+---------------------------+-------------+------------+--------------+---------+-----------+------+--------------+------------+---------------------------------------------------------------------------------------+-----------------+--------------+
Note: For table entries with two numbers listed, the numbers in parentheses indicate the number of resources of the given type used by the specific entity alone. The numbers listed outside of parentheses indicate the total resources of the given type used by the specific entity and all of its sub-entities in the hierarchy.


+------------------------------------------------------------------------------------------------------------------------------------------------------------------------------------+
; Analysis & Synthesis RAM Summary                                                                                                                                                   ;
+------------------------------------------------------------------------------------+------+-------------+--------------+--------------+--------------+--------------+-------+------+
; Name                                                                               ; Type ; Mode        ; Port A Depth ; Port A Width ; Port B Depth ; Port B Width ; Size  ; MIF  ;
+------------------------------------------------------------------------------------+------+-------------+--------------+--------------+--------------+--------------+-------+------+
; ram:ram0|altsyncram:altsyncram_component|altsyncram_hag1:auto_generated|ALTSYNCRAM ; M9K  ; Single Port ; 1024         ; 16           ; --           ; --           ; 16384 ; None ;
+------------------------------------------------------------------------------------+------+-------------+--------------+--------------+--------------+--------------+-------+------+


+----------------------------------------------------------------------------------------------------------+
; Analysis & Synthesis IP Cores Summary                                                                    ;
+--------+--------------+---------+--------------+--------------+------------------------+-----------------+
; Vendor ; IP Core Name ; Version ; Release Date ; License Type ; Entity Instance        ; IP Include File ;
+--------+--------------+---------+--------------+--------------+------------------------+-----------------+
; Altera ; RAM: 1-PORT  ; 18.1    ; N/A          ; N/A          ; |slc3_sramtop|ram:ram0 ; ram.v           ;
+--------+--------------+---------+--------------+--------------+------------------------+-----------------+


Encoding Type:  One-Hot
+-------------------------------------------------------------+
; State Machine - |slc3_sramtop|Instantiateram:instaRam|state ;
+-----------------+------------+------------+-----------------+
; Name            ; state.idle ; state.done ; state.mem_write ;
+-----------------+------------+------------+-----------------+
; state.mem_write ; 0          ; 0          ; 0               ;
; state.idle      ; 1          ; 0          ; 1               ;
; state.done      ; 0          ; 1          ; 1               ;
+-----------------+------------+------------+-----------------+


Encoding Type:  One-Hot
+--------------------------------------------------------------------------------------------------------------------------------------------------------------------------------------------------------------------------------------------------------------------------------------------------------------------------------------------------------------+
; State Machine - |slc3_sramtop|slc3:slc|ISDU:state_controller|State                                                                                                                                                                                                                                                                                           ;
+----------------+------------+------------+------------+--------------+--------------+------------+------------+--------------+--------------+------------+------------+------------+------------+------------+------------+------------+------------+------------+--------------+--------------+------------+----------------+----------------+--------------+
; Name           ; State.S_00 ; State.S_21 ; State.S_22 ; State.S_16_2 ; State.S_16_1 ; State.S_23 ; State.S_27 ; State.S_25_2 ; State.S_25_1 ; State.S_12 ; State.S_04 ; State.S_07 ; State.S_06 ; State.S_09 ; State.S_05 ; State.S_01 ; State.S_32 ; State.S_35 ; State.S_33_2 ; State.S_33_1 ; State.S_18 ; State.PauseIR2 ; State.PauseIR1 ; State.Halted ;
+----------------+------------+------------+------------+--------------+--------------+------------+------------+--------------+--------------+------------+------------+------------+------------+------------+------------+------------+------------+------------+--------------+--------------+------------+----------------+----------------+--------------+
; State.Halted   ; 0          ; 0          ; 0          ; 0            ; 0            ; 0          ; 0          ; 0            ; 0            ; 0          ; 0          ; 0          ; 0          ; 0          ; 0          ; 0          ; 0          ; 0          ; 0            ; 0            ; 0          ; 0              ; 0              ; 0            ;
; State.PauseIR1 ; 0          ; 0          ; 0          ; 0            ; 0            ; 0          ; 0          ; 0            ; 0            ; 0          ; 0          ; 0          ; 0          ; 0          ; 0          ; 0          ; 0          ; 0          ; 0            ; 0            ; 0          ; 0              ; 1              ; 1            ;
; State.PauseIR2 ; 0          ; 0          ; 0          ; 0            ; 0            ; 0          ; 0          ; 0            ; 0            ; 0          ; 0          ; 0          ; 0          ; 0          ; 0          ; 0          ; 0          ; 0          ; 0            ; 0            ; 0          ; 1              ; 0              ; 1            ;
; State.S_18     ; 0          ; 0          ; 0          ; 0            ; 0            ; 0          ; 0          ; 0            ; 0            ; 0          ; 0          ; 0          ; 0          ; 0          ; 0          ; 0          ; 0          ; 0          ; 0            ; 0            ; 1          ; 0              ; 0              ; 1            ;
; State.S_33_1   ; 0          ; 0          ; 0          ; 0            ; 0            ; 0          ; 0          ; 0            ; 0            ; 0          ; 0          ; 0          ; 0          ; 0          ; 0          ; 0          ; 0          ; 0          ; 0            ; 1            ; 0          ; 0              ; 0              ; 1            ;
; State.S_33_2   ; 0          ; 0          ; 0          ; 0            ; 0            ; 0          ; 0          ; 0            ; 0            ; 0          ; 0          ; 0          ; 0          ; 0          ; 0          ; 0          ; 0          ; 0          ; 1            ; 0            ; 0          ; 0              ; 0              ; 1            ;
; State.S_35     ; 0          ; 0          ; 0          ; 0            ; 0            ; 0          ; 0          ; 0            ; 0            ; 0          ; 0          ; 0          ; 0          ; 0          ; 0          ; 0          ; 0          ; 1          ; 0            ; 0            ; 0          ; 0              ; 0              ; 1            ;
; State.S_32     ; 0          ; 0          ; 0          ; 0            ; 0            ; 0          ; 0          ; 0            ; 0            ; 0          ; 0          ; 0          ; 0          ; 0          ; 0          ; 0          ; 1          ; 0          ; 0            ; 0            ; 0          ; 0              ; 0              ; 1            ;
; State.S_01     ; 0          ; 0          ; 0          ; 0            ; 0            ; 0          ; 0          ; 0            ; 0            ; 0          ; 0          ; 0          ; 0          ; 0          ; 0          ; 1          ; 0          ; 0          ; 0            ; 0            ; 0          ; 0              ; 0              ; 1            ;
; State.S_05     ; 0          ; 0          ; 0          ; 0            ; 0            ; 0          ; 0          ; 0            ; 0            ; 0          ; 0          ; 0          ; 0          ; 0          ; 1          ; 0          ; 0          ; 0          ; 0            ; 0            ; 0          ; 0              ; 0              ; 1            ;
; State.S_09     ; 0          ; 0          ; 0          ; 0            ; 0            ; 0          ; 0          ; 0            ; 0            ; 0          ; 0          ; 0          ; 0          ; 1          ; 0          ; 0          ; 0          ; 0          ; 0            ; 0            ; 0          ; 0              ; 0              ; 1            ;
; State.S_06     ; 0          ; 0          ; 0          ; 0            ; 0            ; 0          ; 0          ; 0            ; 0            ; 0          ; 0          ; 0          ; 1          ; 0          ; 0          ; 0          ; 0          ; 0          ; 0            ; 0            ; 0          ; 0              ; 0              ; 1            ;
; State.S_07     ; 0          ; 0          ; 0          ; 0            ; 0            ; 0          ; 0          ; 0            ; 0            ; 0          ; 0          ; 1          ; 0          ; 0          ; 0          ; 0          ; 0          ; 0          ; 0            ; 0            ; 0          ; 0              ; 0              ; 1            ;
; State.S_04     ; 0          ; 0          ; 0          ; 0            ; 0            ; 0          ; 0          ; 0            ; 0            ; 0          ; 1          ; 0          ; 0          ; 0          ; 0          ; 0          ; 0          ; 0          ; 0            ; 0            ; 0          ; 0              ; 0              ; 1            ;
; State.S_12     ; 0          ; 0          ; 0          ; 0            ; 0            ; 0          ; 0          ; 0            ; 0            ; 1          ; 0          ; 0          ; 0          ; 0          ; 0          ; 0          ; 0          ; 0          ; 0            ; 0            ; 0          ; 0              ; 0              ; 1            ;
; State.S_25_1   ; 0          ; 0          ; 0          ; 0            ; 0            ; 0          ; 0          ; 0            ; 1            ; 0          ; 0          ; 0          ; 0          ; 0          ; 0          ; 0          ; 0          ; 0          ; 0            ; 0            ; 0          ; 0              ; 0              ; 1            ;
; State.S_25_2   ; 0          ; 0          ; 0          ; 0            ; 0            ; 0          ; 0          ; 1            ; 0            ; 0          ; 0          ; 0          ; 0          ; 0          ; 0          ; 0          ; 0          ; 0          ; 0            ; 0            ; 0          ; 0              ; 0              ; 1            ;
; State.S_27     ; 0          ; 0          ; 0          ; 0            ; 0            ; 0          ; 1          ; 0            ; 0            ; 0          ; 0          ; 0          ; 0          ; 0          ; 0          ; 0          ; 0          ; 0          ; 0            ; 0            ; 0          ; 0              ; 0              ; 1            ;
; State.S_23     ; 0          ; 0          ; 0          ; 0            ; 0            ; 1          ; 0          ; 0            ; 0            ; 0          ; 0          ; 0          ; 0          ; 0          ; 0          ; 0          ; 0          ; 0          ; 0            ; 0            ; 0          ; 0              ; 0              ; 1            ;
; State.S_16_1   ; 0          ; 0          ; 0          ; 0            ; 1            ; 0          ; 0          ; 0            ; 0            ; 0          ; 0          ; 0          ; 0          ; 0          ; 0          ; 0          ; 0          ; 0          ; 0            ; 0            ; 0          ; 0              ; 0              ; 1            ;
; State.S_16_2   ; 0          ; 0          ; 0          ; 1            ; 0            ; 0          ; 0          ; 0            ; 0            ; 0          ; 0          ; 0          ; 0          ; 0          ; 0          ; 0          ; 0          ; 0          ; 0            ; 0            ; 0          ; 0              ; 0              ; 1            ;
; State.S_22     ; 0          ; 0          ; 1          ; 0            ; 0            ; 0          ; 0          ; 0            ; 0            ; 0          ; 0          ; 0          ; 0          ; 0          ; 0          ; 0          ; 0          ; 0          ; 0            ; 0            ; 0          ; 0              ; 0              ; 1            ;
; State.S_21     ; 0          ; 1          ; 0          ; 0            ; 0            ; 0          ; 0          ; 0            ; 0            ; 0          ; 0          ; 0          ; 0          ; 0          ; 0          ; 0          ; 0          ; 0          ; 0            ; 0            ; 0          ; 0              ; 0              ; 1            ;
; State.S_00     ; 1          ; 0          ; 0          ; 0            ; 0            ; 0          ; 0          ; 0            ; 0            ; 0          ; 0          ; 0          ; 0          ; 0          ; 0          ; 0          ; 0          ; 0          ; 0            ; 0            ; 0          ; 0              ; 0              ; 1            ;
+----------------+------------+------------+------------+--------------+--------------+------------+------------+--------------+--------------+------------+------------+------------+------------+------------+------------+------------+------------+------------+--------------+--------------+------------+----------------+----------------+--------------+


+----------------------------------------------------------------------------------------------------------------+
; Registers Removed During Synthesis                                                                             ;
+-----------------------------------------------------------------------+----------------------------------------+
; Register name                                                         ; Reason for Removal                     ;
+-----------------------------------------------------------------------+----------------------------------------+
; slc3:slc|Mem2IO:memory_subsystem|hex_data[0..15]                      ; Stuck at GND due to stuck port data_in ;
; slc3:slc|datapath:d0|eight_registers:_eight_registers|R7:r7|R7[0..15] ; Stuck at GND due to stuck port data_in ;
; slc3:slc|datapath:d0|eight_registers:_eight_registers|R6:r6|R6[0..15] ; Stuck at GND due to stuck port data_in ;
; slc3:slc|datapath:d0|eight_registers:_eight_registers|R5:r5|R5[0..15] ; Stuck at GND due to stuck port data_in ;
; slc3:slc|datapath:d0|eight_registers:_eight_registers|R4:r4|R4[0..15] ; Stuck at GND due to stuck port data_in ;
; slc3:slc|datapath:d0|eight_registers:_eight_registers|R3:r3|R3[0..15] ; Stuck at GND due to stuck port data_in ;
; slc3:slc|datapath:d0|eight_registers:_eight_registers|R2:r2|R2[0..15] ; Stuck at GND due to stuck port data_in ;
; slc3:slc|datapath:d0|eight_registers:_eight_registers|R1:r1|R1[0..15] ; Stuck at GND due to stuck port data_in ;
; slc3:slc|datapath:d0|eight_registers:_eight_registers|R0:r0|R0[0..15] ; Stuck at GND due to stuck port data_in ;
; slc3:slc|datapath:d0|IR:ir|IR[11]                                     ; Lost fanout                            ;
; Instantiateram:instaRam|state.idle                                    ; Lost fanout                            ;
; Instantiateram:instaRam|state.done                                    ; Lost fanout                            ;
; slc3:slc|ISDU:state_controller|State.S_22                             ; Lost fanout                            ;
; slc3:slc|ISDU:state_controller|State~2                                ; Lost fanout                            ;
; slc3:slc|ISDU:state_controller|State~3                                ; Lost fanout                            ;
; slc3:slc|ISDU:state_controller|State~4                                ; Lost fanout                            ;
; slc3:slc|ISDU:state_controller|State~5                                ; Lost fanout                            ;
; slc3:slc|ISDU:state_controller|State~6                                ; Lost fanout                            ;
; slc3:slc|ISDU:state_controller|State~7                                ; Lost fanout                            ;
; slc3:slc|ISDU:state_controller|State.S_00                             ; Lost fanout                            ;
; slc3:slc|ISDU:state_controller|State.S_16_2                           ; Lost fanout                            ;
; Total Number of Removed Registers = 156                               ;                                        ;
+-----------------------------------------------------------------------+----------------------------------------+


+----------------------------------------------------------------------------------------------------------------------------------------+
; Removed Registers Triggering Further Register Optimizations                                                                            ;
+-------------------------------------------------------------------+---------------------------+----------------------------------------+
; Register name                                                     ; Reason for Removal        ; Registers Removed due to This Register ;
+-------------------------------------------------------------------+---------------------------+----------------------------------------+
; slc3:slc|datapath:d0|eight_registers:_eight_registers|R7:r7|R7[2] ; Stuck at GND              ; slc3:slc|datapath:d0|IR:ir|IR[11]      ;
;                                                                   ; due to stuck port data_in ;                                        ;
+-------------------------------------------------------------------+---------------------------+----------------------------------------+


+------------------------------------------------------+
; General Register Statistics                          ;
+----------------------------------------------+-------+
; Statistic                                    ; Value ;
+----------------------------------------------+-------+
; Total registers                              ; 103   ;
; Number of registers using Synchronous Clear  ; 16    ;
; Number of registers using Synchronous Load   ; 10    ;
; Number of registers using Asynchronous Clear ; 17    ;
; Number of registers using Asynchronous Load  ; 0     ;
; Number of registers using Clock Enable       ; 78    ;
; Number of registers using Preset             ; 0     ;
+----------------------------------------------+-------+


+-----------------------------------------------------------------------------------------------------------------------------------------------------------------------+
; Multiplexer Restructuring Statistics (Restructuring Performed)                                                                                                        ;
+--------------------+-----------+---------------+----------------------+------------------------+------------+---------------------------------------------------------+
; Multiplexer Inputs ; Bus Width ; Baseline Area ; Area if Restructured ; Saving if Restructured ; Registered ; Example Multiplexer Output                              ;
+--------------------+-----------+---------------+----------------------+------------------------+------------+---------------------------------------------------------+
; 3:1                ; 6 bits    ; 12 LEs        ; 12 LEs               ; 0 LEs                  ; Yes        ; |slc3_sramtop|slc3:slc|datapath:d0|MDR:mdr|MDR[11]      ;
; 3:1                ; 10 bits   ; 20 LEs        ; 20 LEs               ; 0 LEs                  ; Yes        ; |slc3_sramtop|slc3:slc|datapath:d0|MDR:mdr|MDR[8]       ;
; 3:1                ; 16 bits   ; 32 LEs        ; 16 LEs               ; 16 LEs                 ; Yes        ; |slc3_sramtop|slc3:slc|datapath:d0|PC:pc|PC[11]         ;
; 3:1                ; 16 bits   ; 32 LEs        ; 16 LEs               ; 16 LEs                 ; Yes        ; |slc3_sramtop|slc3:slc|datapath:d0|MAR:mar|MAR[13]      ;
; 3:1                ; 3 bits    ; 6 LEs         ; 6 LEs                ; 0 LEs                  ; No         ; |slc3_sramtop|slc3:slc|datapath:d0|PC:pc|Add0           ;
; 3:1                ; 6 bits    ; 12 LEs        ; 12 LEs               ; 0 LEs                  ; No         ; |slc3_sramtop|slc3:slc|datapath:d0|PC:pc|Add0           ;
; 4:1                ; 12 bits   ; 24 LEs        ; 24 LEs               ; 0 LEs                  ; No         ; |slc3_sramtop|slc3:slc|datapath:d0|bus_MUXs:bmux|Out[4] ;
; 9:1                ; 4 bits    ; 24 LEs        ; 20 LEs               ; 4 LEs                  ; No         ; |slc3_sramtop|slc3:slc|datapath:d0|bus_MUXs:bmux|Out[0] ;
+--------------------+-----------+---------------+----------------------+------------------------+------------+---------------------------------------------------------+


+------------------------------------------------------------------------------------------------+
; Source assignments for ram:ram0|altsyncram:altsyncram_component|altsyncram_hag1:auto_generated ;
+---------------------------------+--------------------+------+----------------------------------+
; Assignment                      ; Value              ; From ; To                               ;
+---------------------------------+--------------------+------+----------------------------------+
; OPTIMIZE_POWER_DURING_SYNTHESIS ; NORMAL_COMPILATION ; -    ; -                                ;
+---------------------------------+--------------------+------+----------------------------------+


+---------------------------------------------------------------------------------------+
; Parameter Settings for User Entity Instance: ram:ram0|altsyncram:altsyncram_component ;
+------------------------------------+----------------------+---------------------------+
; Parameter Name                     ; Value                ; Type                      ;
+------------------------------------+----------------------+---------------------------+
; BYTE_SIZE_BLOCK                    ; 8                    ; Untyped                   ;
; AUTO_CARRY_CHAINS                  ; ON                   ; AUTO_CARRY                ;
; IGNORE_CARRY_BUFFERS               ; OFF                  ; IGNORE_CARRY              ;
; AUTO_CASCADE_CHAINS                ; ON                   ; AUTO_CASCADE              ;
; IGNORE_CASCADE_BUFFERS             ; OFF                  ; IGNORE_CASCADE            ;
; WIDTH_BYTEENA                      ; 1                    ; Untyped                   ;
; OPERATION_MODE                     ; SINGLE_PORT          ; Untyped                   ;
; WIDTH_A                            ; 16                   ; Signed Integer            ;
; WIDTHAD_A                          ; 10                   ; Signed Integer            ;
; NUMWORDS_A                         ; 1024                 ; Signed Integer            ;
; OUTDATA_REG_A                      ; CLOCK0               ; Untyped                   ;
; ADDRESS_ACLR_A                     ; NONE                 ; Untyped                   ;
; OUTDATA_ACLR_A                     ; NONE                 ; Untyped                   ;
; WRCONTROL_ACLR_A                   ; NONE                 ; Untyped                   ;
; INDATA_ACLR_A                      ; NONE                 ; Untyped                   ;
; BYTEENA_ACLR_A                     ; NONE                 ; Untyped                   ;
; WIDTH_B                            ; 1                    ; Untyped                   ;
; WIDTHAD_B                          ; 1                    ; Untyped                   ;
; NUMWORDS_B                         ; 1                    ; Untyped                   ;
; INDATA_REG_B                       ; CLOCK1               ; Untyped                   ;
; WRCONTROL_WRADDRESS_REG_B          ; CLOCK1               ; Untyped                   ;
; RDCONTROL_REG_B                    ; CLOCK1               ; Untyped                   ;
; ADDRESS_REG_B                      ; CLOCK1               ; Untyped                   ;
; OUTDATA_REG_B                      ; UNREGISTERED         ; Untyped                   ;
; BYTEENA_REG_B                      ; CLOCK1               ; Untyped                   ;
; INDATA_ACLR_B                      ; NONE                 ; Untyped                   ;
; WRCONTROL_ACLR_B                   ; NONE                 ; Untyped                   ;
; ADDRESS_ACLR_B                     ; NONE                 ; Untyped                   ;
; OUTDATA_ACLR_B                     ; NONE                 ; Untyped                   ;
; RDCONTROL_ACLR_B                   ; NONE                 ; Untyped                   ;
; BYTEENA_ACLR_B                     ; NONE                 ; Untyped                   ;
; WIDTH_BYTEENA_A                    ; 1                    ; Signed Integer            ;
; WIDTH_BYTEENA_B                    ; 1                    ; Untyped                   ;
; RAM_BLOCK_TYPE                     ; M9K                  ; Untyped                   ;
; BYTE_SIZE                          ; 8                    ; Untyped                   ;
; READ_DURING_WRITE_MODE_MIXED_PORTS ; DONT_CARE            ; Untyped                   ;
; READ_DURING_WRITE_MODE_PORT_A      ; DONT_CARE            ; Untyped                   ;
; READ_DURING_WRITE_MODE_PORT_B      ; NEW_DATA_NO_NBE_READ ; Untyped                   ;
; INIT_FILE                          ; UNUSED               ; Untyped                   ;
; INIT_FILE_LAYOUT                   ; PORT_A               ; Untyped                   ;
; MAXIMUM_DEPTH                      ; 0                    ; Untyped                   ;
; CLOCK_ENABLE_INPUT_A               ; BYPASS               ; Untyped                   ;
; CLOCK_ENABLE_INPUT_B               ; NORMAL               ; Untyped                   ;
; CLOCK_ENABLE_OUTPUT_A              ; BYPASS               ; Untyped                   ;
; CLOCK_ENABLE_OUTPUT_B              ; NORMAL               ; Untyped                   ;
; CLOCK_ENABLE_CORE_A                ; USE_INPUT_CLKEN      ; Untyped                   ;
; CLOCK_ENABLE_CORE_B                ; USE_INPUT_CLKEN      ; Untyped                   ;
; ENABLE_ECC                         ; FALSE                ; Untyped                   ;
; ECC_PIPELINE_STAGE_ENABLED         ; FALSE                ; Untyped                   ;
; WIDTH_ECCSTATUS                    ; 3                    ; Untyped                   ;
; DEVICE_FAMILY                      ; MAX 10               ; Untyped                   ;
; CBXI_PARAMETER                     ; altsyncram_hag1      ; Untyped                   ;
+------------------------------------+----------------------+---------------------------+
Note: In order to hide this table in the UI and the text report file, please set the "Show Parameter Settings in Synthesis Report" option in "Analysis and Synthesis Settings -> More Settings" to "Off".


+--------------------------------------------------------------------------------------+
; altsyncram Parameter Settings by Entity Instance                                     ;
+-------------------------------------------+------------------------------------------+
; Name                                      ; Value                                    ;
+-------------------------------------------+------------------------------------------+
; Number of entity instances                ; 1                                        ;
; Entity Instance                           ; ram:ram0|altsyncram:altsyncram_component ;
;     -- OPERATION_MODE                     ; SINGLE_PORT                              ;
;     -- WIDTH_A                            ; 16                                       ;
;     -- NUMWORDS_A                         ; 1024                                     ;
;     -- OUTDATA_REG_A                      ; CLOCK0                                   ;
;     -- WIDTH_B                            ; 1                                        ;
;     -- NUMWORDS_B                         ; 1                                        ;
;     -- ADDRESS_REG_B                      ; CLOCK1                                   ;
;     -- OUTDATA_REG_B                      ; UNREGISTERED                             ;
;     -- RAM_BLOCK_TYPE                     ; M9K                                      ;
;     -- READ_DURING_WRITE_MODE_MIXED_PORTS ; DONT_CARE                                ;
+-------------------------------------------+------------------------------------------+


+------------------------------------------------------------------------------------------------------------------------+
; Port Connectivity Checks: "Instantiateram:instaRam"                                                                    ;
+--------------+--------+----------+-------------------------------------------------------------------------------------+
; Port         ; Type   ; Severity ; Details                                                                             ;
+--------------+--------+----------+-------------------------------------------------------------------------------------+
; ADDR[15..10] ; Output ; Info     ; Connected to dangling logic. Logic that only feeds a dangling port will be removed. ;
+--------------+--------+----------+-------------------------------------------------------------------------------------+


+----------------------------------------------------------------------------------------------------------------+
; Port Connectivity Checks: "slc3:slc|datapath:d0|BEN:_BEN"                                                      ;
+------+--------+----------+-------------------------------------------------------------------------------------+
; Port ; Type   ; Severity ; Details                                                                             ;
+------+--------+----------+-------------------------------------------------------------------------------------+
; BEN  ; Output ; Info     ; Connected to dangling logic. Logic that only feeds a dangling port will be removed. ;
+------+--------+----------+-------------------------------------------------------------------------------------+


+------------------------------------------------------------------------------------------------------------------+
; Port Connectivity Checks: "slc3:slc|datapath:d0"                                                                 ;
+--------+--------+----------+-------------------------------------------------------------------------------------+
; Port   ; Type   ; Severity ; Details                                                                             ;
+--------+--------+----------+-------------------------------------------------------------------------------------+
; IR[10] ; Output ; Info     ; Connected to dangling logic. Logic that only feeds a dangling port will be removed. ;
; PC     ; Output ; Info     ; Connected to dangling logic. Logic that only feeds a dangling port will be removed. ;
+--------+--------+----------+-------------------------------------------------------------------------------------+


+------------------------------------------------------------------------------------------------------------------------+
; Port Connectivity Checks: "slc3:slc"                                                                                   ;
+--------------+--------+----------+-------------------------------------------------------------------------------------+
; Port         ; Type   ; Severity ; Details                                                                             ;
+--------------+--------+----------+-------------------------------------------------------------------------------------+
; ADDR[15..10] ; Output ; Info     ; Connected to dangling logic. Logic that only feeds a dangling port will be removed. ;
+--------------+--------+----------+-------------------------------------------------------------------------------------+


+-----------------------------------------------------+
; Post-Synthesis Netlist Statistics for Top Partition ;
+-----------------------+-----------------------------+
; Type                  ; Count                       ;
+-----------------------+-----------------------------+
; boundary_port         ; 51                          ;
; cycloneiii_ff         ; 103                         ;
;     CLR               ; 2                           ;
;     ENA               ; 37                          ;
;     ENA CLR           ; 15                          ;
;     ENA SCLR          ; 16                          ;
;     ENA SLD           ; 10                          ;
;     plain             ; 23                          ;
; cycloneiii_lcell_comb ; 519                         ;
;     arith             ; 29                          ;
;         2 data inputs ; 13                          ;
;         3 data inputs ; 16                          ;
;     normal            ; 490                         ;
;         0 data inputs ; 2                           ;
;         1 data inputs ; 1                           ;
;         2 data inputs ; 25                          ;
;         3 data inputs ; 80                          ;
;         4 data inputs ; 382                         ;
; cycloneiii_ram_block  ; 16                          ;
;                       ;                             ;
; Max LUT depth         ; 12.00                       ;
; Average LUT depth     ; 6.07                        ;
+-----------------------+-----------------------------+


+-------------------------------+
; Elapsed Time Per Partition    ;
+----------------+--------------+
; Partition Name ; Elapsed Time ;
+----------------+--------------+
; Top            ; 00:00:01     ;
+----------------+--------------+


+-------------------------------+
; Analysis & Synthesis Messages ;
+-------------------------------+
Info: *******************************************************************
Info: Running Quartus Prime Analysis & Synthesis
    Info: Version 18.1.0 Build 625 09/12/2018 SJ Lite Edition
    Info: Processing started: Wed Oct 07 04:36:12 2020
Info: Command: quartus_map --read_settings_files=on --write_settings_files=off lab6 -c lab6
Warning (18236): Number of processors has not been specified which may cause overloading on shared machines.  Set the global assignment NUM_PARALLEL_PROCESSORS in your QSF to an appropriate value for best performance.
Info (20030): Parallel compilation is enabled and will use 16 of the 16 processors detected
Info (12021): Found 1 design units, including 1 entities, in source file testbench.sv
    Info (12023): Found entity 1: testbench File: C:/Users/cozyn/Desktop/lab6/lab6/testbench.sv Line: 1
Info (12021): Found 1 design units, including 1 entities, in source file test_memory.sv
    Info (12023): Found entity 1: test_memory File: C:/Users/cozyn/Desktop/lab6/lab6/test_memory.sv Line: 26
Info (12021): Found 3 design units, including 3 entities, in source file synchronizers.sv
    Info (12023): Found entity 1: sync File: C:/Users/cozyn/Desktop/lab6/lab6/synchronizers.sv Line: 7
    Info (12023): Found entity 2: sync_r0 File: C:/Users/cozyn/Desktop/lab6/lab6/synchronizers.sv Line: 21
    Info (12023): Found entity 3: sync_r1 File: C:/Users/cozyn/Desktop/lab6/lab6/synchronizers.sv Line: 42
Info (12021): Found 1 design units, including 1 entities, in source file slc3_testtop.sv
    Info (12023): Found entity 1: slc3_testtop File: C:/Users/cozyn/Desktop/lab6/lab6/slc3_testtop.sv Line: 4
Info (12021): Found 1 design units, including 1 entities, in source file slc3_sramtop.sv
    Info (12023): Found entity 1: slc3_sramtop File: C:/Users/cozyn/Desktop/lab6/lab6/slc3_sramtop.sv Line: 5
Info (12021): Found 1 design units, including 0 entities, in source file slc3_2.sv
    Info (12022): Found design unit 1: SLC3_2 (SystemVerilog) File: C:/Users/cozyn/Desktop/lab6/lab6/SLC3_2.sv Line: 24
Info (12021): Found 1 design units, including 1 entities, in source file slc3.sv
    Info (12023): Found entity 1: slc3 File: C:/Users/cozyn/Desktop/lab6/lab6/slc3.sv Line: 19
Info (12021): Found 3 design units, including 3 entities, in source file set_cc.sv
    Info (12023): Found entity 1: CC File: C:/Users/cozyn/Desktop/lab6/lab6/set_CC.sv Line: 1
    Info (12023): Found entity 2: nzp_logic File: C:/Users/cozyn/Desktop/lab6/lab6/set_CC.sv Line: 51
    Info (12023): Found entity 3: set_CC File: C:/Users/cozyn/Desktop/lab6/lab6/set_CC.sv Line: 66
Info (12021): Found 9 design units, including 9 entities, in source file register.sv
    Info (12023): Found entity 1: R0 File: C:/Users/cozyn/Desktop/lab6/lab6/register.sv Line: 1
    Info (12023): Found entity 2: R1 File: C:/Users/cozyn/Desktop/lab6/lab6/register.sv Line: 23
    Info (12023): Found entity 3: R2 File: C:/Users/cozyn/Desktop/lab6/lab6/register.sv Line: 45
    Info (12023): Found entity 4: R3 File: C:/Users/cozyn/Desktop/lab6/lab6/register.sv Line: 67
    Info (12023): Found entity 5: R4 File: C:/Users/cozyn/Desktop/lab6/lab6/register.sv Line: 89
    Info (12023): Found entity 6: R5 File: C:/Users/cozyn/Desktop/lab6/lab6/register.sv Line: 111
    Info (12023): Found entity 7: R6 File: C:/Users/cozyn/Desktop/lab6/lab6/register.sv Line: 133
    Info (12023): Found entity 8: R7 File: C:/Users/cozyn/Desktop/lab6/lab6/register.sv Line: 155
    Info (12023): Found entity 9: eight_registers File: C:/Users/cozyn/Desktop/lab6/lab6/register.sv Line: 177
Info (12021): Found 1 design units, including 1 entities, in source file pc.sv
    Info (12023): Found entity 1: PC File: C:/Users/cozyn/Desktop/lab6/lab6/PC.sv Line: 1
Info (12021): Found 6 design units, including 6 entities, in source file muxs.sv
    Info (12023): Found entity 1: SR1MUX File: C:/Users/cozyn/Desktop/lab6/lab6/MUXs.sv Line: 1
    Info (12023): Found entity 2: SR2MUX File: C:/Users/cozyn/Desktop/lab6/lab6/MUXs.sv Line: 16
    Info (12023): Found entity 3: DRMUX File: C:/Users/cozyn/Desktop/lab6/lab6/MUXs.sv Line: 33
    Info (12023): Found entity 4: ADDR1MUX File: C:/Users/cozyn/Desktop/lab6/lab6/MUXs.sv Line: 49
    Info (12023): Found entity 5: ADDR2MUX File: C:/Users/cozyn/Desktop/lab6/lab6/MUXs.sv Line: 68
    Info (12023): Found entity 6: MUXs File: C:/Users/cozyn/Desktop/lab6/lab6/MUXs.sv Line: 90
Info (12021): Found 1 design units, including 1 entities, in source file memory_contents.sv
    Info (12023): Found entity 1: memory_parser File: C:/Users/cozyn/Desktop/lab6/lab6/memory_contents.sv Line: 18
Info (12021): Found 1 design units, including 1 entities, in source file mem2io.sv
    Info (12023): Found entity 1: Mem2IO File: C:/Users/cozyn/Desktop/lab6/lab6/Mem2IO.sv Line: 16
Info (12021): Found 1 design units, including 1 entities, in source file mdr.sv
    Info (12023): Found entity 1: MDR File: C:/Users/cozyn/Desktop/lab6/lab6/MDR.sv Line: 1
Info (12021): Found 1 design units, including 1 entities, in source file mar.sv
    Info (12023): Found entity 1: MAR File: C:/Users/cozyn/Desktop/lab6/lab6/MAR.sv Line: 1
Info (12021): Found 1 design units, including 1 entities, in source file isdu.sv
    Info (12023): Found entity 1: ISDU File: C:/Users/cozyn/Desktop/lab6/lab6/ISDU.sv Line: 19
Info (12021): Found 1 design units, including 1 entities, in source file ir.sv
    Info (12023): Found entity 1: IR File: C:/Users/cozyn/Desktop/lab6/lab6/IR.sv Line: 1
Info (12021): Found 1 design units, including 1 entities, in source file instantiateram.sv
    Info (12023): Found entity 1: Instantiateram File: C:/Users/cozyn/Desktop/lab6/lab6/Instantiateram.sv Line: 18
Info (12021): Found 1 design units, including 1 entities, in source file hexdriver.sv
    Info (12023): Found entity 1: HexDriver File: C:/Users/cozyn/Desktop/lab6/lab6/HexDriver.sv Line: 3
Info (12021): Found 1 design units, including 1 entities, in source file datapath.sv
    Info (12023): Found entity 1: datapath File: C:/Users/cozyn/Desktop/lab6/lab6/datapath.sv Line: 1
Info (12021): Found 1 design units, including 1 entities, in source file bus_muxs.sv
    Info (12023): Found entity 1: bus_MUXs File: C:/Users/cozyn/Desktop/lab6/lab6/bus_MUXs.sv Line: 1
Info (12021): Found 1 design units, including 1 entities, in source file ben.sv
    Info (12023): Found entity 1: BEN File: C:/Users/cozyn/Desktop/lab6/lab6/BEN.sv Line: 1
Info (12021): Found 1 design units, including 1 entities, in source file alu.sv
    Info (12023): Found entity 1: ALU File: C:/Users/cozyn/Desktop/lab6/lab6/ALU.sv Line: 1
Info (12021): Found 1 design units, including 1 entities, in source file ram.v
    Info (12023): Found entity 1: ram File: C:/Users/cozyn/Desktop/lab6/lab6/ram.v Line: 39
Warning (10236): Verilog HDL Implicit Net warning at datapath.sv(40): created implicit net for "Ld_REG" File: C:/Users/cozyn/Desktop/lab6/lab6/datapath.sv Line: 40
Info (12127): Elaborating entity "slc3_sramtop" for the top level hierarchy
Info (12128): Elaborating entity "sync" for hierarchy "sync:button_sync[0]" File: C:/Users/cozyn/Desktop/lab6/lab6/slc3_sramtop.sv Line: 16
Info (12128): Elaborating entity "slc3" for hierarchy "slc3:slc" File: C:/Users/cozyn/Desktop/lab6/lab6/slc3_sramtop.sv Line: 74
Info (12128): Elaborating entity "HexDriver" for hierarchy "slc3:slc|HexDriver:hex_drivers[0]" File: C:/Users/cozyn/Desktop/lab6/lab6/slc3.sv Line: 35
Info (12128): Elaborating entity "datapath" for hierarchy "slc3:slc|datapath:d0" File: C:/Users/cozyn/Desktop/lab6/lab6/slc3.sv Line: 99
Info (12128): Elaborating entity "MUXs" for hierarchy "slc3:slc|datapath:d0|MUXs:_MUXs" File: C:/Users/cozyn/Desktop/lab6/lab6/datapath.sv Line: 35
Info (12128): Elaborating entity "SR1MUX" for hierarchy "slc3:slc|datapath:d0|MUXs:_MUXs|SR1MUX:_SR1MUX" File: C:/Users/cozyn/Desktop/lab6/lab6/MUXs.sv Line: 112
Info (12128): Elaborating entity "SR2MUX" for hierarchy "slc3:slc|datapath:d0|MUXs:_MUXs|SR2MUX:_SR2MUX" File: C:/Users/cozyn/Desktop/lab6/lab6/MUXs.sv Line: 120
Info (12128): Elaborating entity "DRMUX" for hierarchy "slc3:slc|datapath:d0|MUXs:_MUXs|DRMUX:_DRMUX" File: C:/Users/cozyn/Desktop/lab6/lab6/MUXs.sv Line: 126
Info (12128): Elaborating entity "ADDR1MUX" for hierarchy "slc3:slc|datapath:d0|MUXs:_MUXs|ADDR1MUX:_ADDR1MUX" File: C:/Users/cozyn/Desktop/lab6/lab6/MUXs.sv Line: 133
Info (12128): Elaborating entity "ADDR2MUX" for hierarchy "slc3:slc|datapath:d0|MUXs:_MUXs|ADDR2MUX:_ADDR2MUX" File: C:/Users/cozyn/Desktop/lab6/lab6/MUXs.sv Line: 139
Info (12128): Elaborating entity "eight_registers" for hierarchy "slc3:slc|datapath:d0|eight_registers:_eight_registers" File: C:/Users/cozyn/Desktop/lab6/lab6/datapath.sv Line: 48
Info (12128): Elaborating entity "R0" for hierarchy "slc3:slc|datapath:d0|eight_registers:_eight_registers|R0:r0" File: C:/Users/cozyn/Desktop/lab6/lab6/register.sv Line: 193
Info (12128): Elaborating entity "R1" for hierarchy "slc3:slc|datapath:d0|eight_registers:_eight_registers|R1:r1" File: C:/Users/cozyn/Desktop/lab6/lab6/register.sv Line: 194
Info (12128): Elaborating entity "R2" for hierarchy "slc3:slc|datapath:d0|eight_registers:_eight_registers|R2:r2" File: C:/Users/cozyn/Desktop/lab6/lab6/register.sv Line: 195
Info (12128): Elaborating entity "R3" for hierarchy "slc3:slc|datapath:d0|eight_registers:_eight_registers|R3:r3" File: C:/Users/cozyn/Desktop/lab6/lab6/register.sv Line: 196
Info (12128): Elaborating entity "R4" for hierarchy "slc3:slc|datapath:d0|eight_registers:_eight_registers|R4:r4" File: C:/Users/cozyn/Desktop/lab6/lab6/register.sv Line: 197
Info (12128): Elaborating entity "R5" for hierarchy "slc3:slc|datapath:d0|eight_registers:_eight_registers|R5:r5" File: C:/Users/cozyn/Desktop/lab6/lab6/register.sv Line: 198
Info (12128): Elaborating entity "R6" for hierarchy "slc3:slc|datapath:d0|eight_registers:_eight_registers|R6:r6" File: C:/Users/cozyn/Desktop/lab6/lab6/register.sv Line: 199
Info (12128): Elaborating entity "R7" for hierarchy "slc3:slc|datapath:d0|eight_registers:_eight_registers|R7:r7" File: C:/Users/cozyn/Desktop/lab6/lab6/register.sv Line: 200
Info (12128): Elaborating entity "ALU" for hierarchy "slc3:slc|datapath:d0|ALU:_ALU" File: C:/Users/cozyn/Desktop/lab6/lab6/datapath.sv Line: 56
Info (12128): Elaborating entity "set_CC" for hierarchy "slc3:slc|datapath:d0|set_CC:_set_CC" File: C:/Users/cozyn/Desktop/lab6/lab6/datapath.sv Line: 67
Info (12128): Elaborating entity "CC" for hierarchy "slc3:slc|datapath:d0|set_CC:_set_CC|CC:_CC" File: C:/Users/cozyn/Desktop/lab6/lab6/set_CC.sv Line: 87
Info (12128): Elaborating entity "nzp_logic" for hierarchy "slc3:slc|datapath:d0|set_CC:_set_CC|nzp_logic:_nzp_logic" File: C:/Users/cozyn/Desktop/lab6/lab6/set_CC.sv Line: 96
Info (12128): Elaborating entity "BEN" for hierarchy "slc3:slc|datapath:d0|BEN:_BEN" File: C:/Users/cozyn/Desktop/lab6/lab6/datapath.sv Line: 75
Info (12128): Elaborating entity "bus_MUXs" for hierarchy "slc3:slc|datapath:d0|bus_MUXs:bmux" File: C:/Users/cozyn/Desktop/lab6/lab6/datapath.sv Line: 89
Info (12128): Elaborating entity "PC" for hierarchy "slc3:slc|datapath:d0|PC:pc" File: C:/Users/cozyn/Desktop/lab6/lab6/datapath.sv Line: 101
Warning (10230): Verilog HDL assignment warning at PC.sv(17): truncated value with size 32 to match size of target (16) File: C:/Users/cozyn/Desktop/lab6/lab6/PC.sv Line: 17
Info (12128): Elaborating entity "MAR" for hierarchy "slc3:slc|datapath:d0|MAR:mar" File: C:/Users/cozyn/Desktop/lab6/lab6/datapath.sv Line: 111
Info (12128): Elaborating entity "IR" for hierarchy "slc3:slc|datapath:d0|IR:ir" File: C:/Users/cozyn/Desktop/lab6/lab6/datapath.sv Line: 120
Info (12128): Elaborating entity "MDR" for hierarchy "slc3:slc|datapath:d0|MDR:mdr" File: C:/Users/cozyn/Desktop/lab6/lab6/datapath.sv Line: 131
Info (12128): Elaborating entity "Mem2IO" for hierarchy "slc3:slc|Mem2IO:memory_subsystem" File: C:/Users/cozyn/Desktop/lab6/lab6/slc3.sv Line: 119
Info (12128): Elaborating entity "ISDU" for hierarchy "slc3:slc|ISDU:state_controller" File: C:/Users/cozyn/Desktop/lab6/lab6/slc3.sv Line: 126
Info (10264): Verilog HDL Case Statement information at ISDU.sv(228): all case item expressions in this case statement are onehot File: C:/Users/cozyn/Desktop/lab6/lab6/ISDU.sv Line: 228
Info (12128): Elaborating entity "Instantiateram" for hierarchy "Instantiateram:instaRam" File: C:/Users/cozyn/Desktop/lab6/lab6/slc3_sramtop.sv Line: 83
Warning (10230): Verilog HDL assignment warning at Instantiateram.sv(51): truncated value with size 32 to match size of target (16) File: C:/Users/cozyn/Desktop/lab6/lab6/Instantiateram.sv Line: 51
Warning (10230): Verilog HDL assignment warning at SLC3_2.sv(119): truncated value with size 32 to match size of target (5) File: C:/Users/cozyn/Desktop/lab6/lab6/SLC3_2.sv Line: 119
Info (12128): Elaborating entity "ram" for hierarchy "ram:ram0" File: C:/Users/cozyn/Desktop/lab6/lab6/slc3_sramtop.sv Line: 94
Info (12128): Elaborating entity "altsyncram" for hierarchy "ram:ram0|altsyncram:altsyncram_component" File: C:/Users/cozyn/Desktop/lab6/lab6/ram.v Line: 88
Info (12130): Elaborated megafunction instantiation "ram:ram0|altsyncram:altsyncram_component" File: C:/Users/cozyn/Desktop/lab6/lab6/ram.v Line: 88
Info (12133): Instantiated megafunction "ram:ram0|altsyncram:altsyncram_component" with the following parameter: File: C:/Users/cozyn/Desktop/lab6/lab6/ram.v Line: 88
    Info (12134): Parameter "clock_enable_input_a" = "BYPASS"
    Info (12134): Parameter "clock_enable_output_a" = "BYPASS"
    Info (12134): Parameter "intended_device_family" = "MAX 10"
    Info (12134): Parameter "lpm_hint" = "ENABLE_RUNTIME_MOD=NO"
    Info (12134): Parameter "lpm_type" = "altsyncram"
    Info (12134): Parameter "numwords_a" = "1024"
    Info (12134): Parameter "operation_mode" = "SINGLE_PORT"
    Info (12134): Parameter "outdata_aclr_a" = "NONE"
    Info (12134): Parameter "outdata_reg_a" = "CLOCK0"
    Info (12134): Parameter "power_up_uninitialized" = "FALSE"
    Info (12134): Parameter "ram_block_type" = "M9K"
    Info (12134): Parameter "read_during_write_mode_port_a" = "DONT_CARE"
    Info (12134): Parameter "widthad_a" = "10"
    Info (12134): Parameter "width_a" = "16"
    Info (12134): Parameter "width_byteena_a" = "1"
Info (12021): Found 1 design units, including 1 entities, in source file db/altsyncram_hag1.tdf
    Info (12023): Found entity 1: altsyncram_hag1 File: C:/Users/cozyn/Desktop/lab6/lab6/db/altsyncram_hag1.tdf Line: 27
Info (12128): Elaborating entity "altsyncram_hag1" for hierarchy "ram:ram0|altsyncram:altsyncram_component|altsyncram_hag1:auto_generated" File: c:/intelfpga_lite/18.1/quartus/libraries/megafunctions/altsyncram.tdf Line: 791
Warning (13024): Output pins are stuck at VCC or GND
    Warning (13410): Pin "HEX0[0]" is stuck at GND File: C:/Users/cozyn/Desktop/lab6/lab6/slc3_sramtop.sv Line: 9
    Warning (13410): Pin "HEX0[1]" is stuck at GND File: C:/Users/cozyn/Desktop/lab6/lab6/slc3_sramtop.sv Line: 9
    Warning (13410): Pin "HEX0[2]" is stuck at GND File: C:/Users/cozyn/Desktop/lab6/lab6/slc3_sramtop.sv Line: 9
    Warning (13410): Pin "HEX0[3]" is stuck at GND File: C:/Users/cozyn/Desktop/lab6/lab6/slc3_sramtop.sv Line: 9
    Warning (13410): Pin "HEX0[4]" is stuck at GND File: C:/Users/cozyn/Desktop/lab6/lab6/slc3_sramtop.sv Line: 9
    Warning (13410): Pin "HEX0[5]" is stuck at GND File: C:/Users/cozyn/Desktop/lab6/lab6/slc3_sramtop.sv Line: 9
    Warning (13410): Pin "HEX0[6]" is stuck at VCC File: C:/Users/cozyn/Desktop/lab6/lab6/slc3_sramtop.sv Line: 9
    Warning (13410): Pin "HEX1[0]" is stuck at GND File: C:/Users/cozyn/Desktop/lab6/lab6/slc3_sramtop.sv Line: 9
    Warning (13410): Pin "HEX1[1]" is stuck at GND File: C:/Users/cozyn/Desktop/lab6/lab6/slc3_sramtop.sv Line: 9
    Warning (13410): Pin "HEX1[2]" is stuck at GND File: C:/Users/cozyn/Desktop/lab6/lab6/slc3_sramtop.sv Line: 9
    Warning (13410): Pin "HEX1[3]" is stuck at GND File: C:/Users/cozyn/Desktop/lab6/lab6/slc3_sramtop.sv Line: 9
    Warning (13410): Pin "HEX1[4]" is stuck at GND File: C:/Users/cozyn/Desktop/lab6/lab6/slc3_sramtop.sv Line: 9
    Warning (13410): Pin "HEX1[5]" is stuck at GND File: C:/Users/cozyn/Desktop/lab6/lab6/slc3_sramtop.sv Line: 9
    Warning (13410): Pin "HEX1[6]" is stuck at VCC File: C:/Users/cozyn/Desktop/lab6/lab6/slc3_sramtop.sv Line: 9
    Warning (13410): Pin "HEX2[0]" is stuck at GND File: C:/Users/cozyn/Desktop/lab6/lab6/slc3_sramtop.sv Line: 9
    Warning (13410): Pin "HEX2[1]" is stuck at GND File: C:/Users/cozyn/Desktop/lab6/lab6/slc3_sramtop.sv Line: 9
    Warning (13410): Pin "HEX2[2]" is stuck at GND File: C:/Users/cozyn/Desktop/lab6/lab6/slc3_sramtop.sv Line: 9
    Warning (13410): Pin "HEX2[3]" is stuck at GND File: C:/Users/cozyn/Desktop/lab6/lab6/slc3_sramtop.sv Line: 9
    Warning (13410): Pin "HEX2[4]" is stuck at GND File: C:/Users/cozyn/Desktop/lab6/lab6/slc3_sramtop.sv Line: 9
    Warning (13410): Pin "HEX2[5]" is stuck at GND File: C:/Users/cozyn/Desktop/lab6/lab6/slc3_sramtop.sv Line: 9
    Warning (13410): Pin "HEX2[6]" is stuck at VCC File: C:/Users/cozyn/Desktop/lab6/lab6/slc3_sramtop.sv Line: 9
    Warning (13410): Pin "HEX3[0]" is stuck at GND File: C:/Users/cozyn/Desktop/lab6/lab6/slc3_sramtop.sv Line: 10
    Warning (13410): Pin "HEX3[1]" is stuck at GND File: C:/Users/cozyn/Desktop/lab6/lab6/slc3_sramtop.sv Line: 10
    Warning (13410): Pin "HEX3[2]" is stuck at GND File: C:/Users/cozyn/Desktop/lab6/lab6/slc3_sramtop.sv Line: 10
    Warning (13410): Pin "HEX3[3]" is stuck at GND File: C:/Users/cozyn/Desktop/lab6/lab6/slc3_sramtop.sv Line: 10
    Warning (13410): Pin "HEX3[4]" is stuck at GND File: C:/Users/cozyn/Desktop/lab6/lab6/slc3_sramtop.sv Line: 10
    Warning (13410): Pin "HEX3[5]" is stuck at GND File: C:/Users/cozyn/Desktop/lab6/lab6/slc3_sramtop.sv Line: 10
    Warning (13410): Pin "HEX3[6]" is stuck at VCC File: C:/Users/cozyn/Desktop/lab6/lab6/slc3_sramtop.sv Line: 10
Info (286030): Timing-Driven Synthesis is running
Info (17049): 12 registers lost all their fanouts during netlist optimizations.
Info (144001): Generated suppressed messages file C:/Users/cozyn/Desktop/lab6/lab6/output_files/lab6.map.smsg
Info (16010): Generating hard_block partition "hard_block:auto_generated_inst"
    Info (16011): Adding 0 node(s), including 0 DDIO, 0 PLL, 0 transceiver and 0 LCELL
Info (21057): Implemented 601 device resources after synthesis - the final resource count might be different
    Info (21058): Implemented 13 input pins
    Info (21059): Implemented 38 output pins
    Info (21061): Implemented 534 logic cells
    Info (21064): Implemented 16 RAM segments
Info: Quartus Prime Analysis & Synthesis was successful. 0 errors, 34 warnings
    Info: Peak virtual memory: 4849 megabytes
    Info: Processing ended: Wed Oct 07 04:36:23 2020
    Info: Elapsed time: 00:00:11
    Info: Total CPU time (on all processors): 00:00:21


+------------------------------------------+
; Analysis & Synthesis Suppressed Messages ;
+------------------------------------------+
The suppressed messages can be found in C:/Users/cozyn/Desktop/lab6/lab6/output_files/lab6.map.smsg.


